TN:
SF:script/DeployKpkShares.s.sol
DA:42,0
FN:42,DeployKpkShares.run
FNDA:0,DeployKpkShares.run
DA:44,0
BRDA:44,0,0,-
BRDA:44,0,1,-
DA:47,0
BRDA:47,1,0,-
BRDA:47,1,1,-
DA:50,0
DA:53,0
DA:61,0
FN:61,DeployKpkShares._deployVault
FNDA:0,DeployKpkShares._deployVault
DA:62,0
DA:65,0
BRDA:65,2,0,-
BRDA:65,2,1,-
DA:68,0
DA:69,0
DA:70,0
DA:71,0
DA:72,0
DA:73,0
DA:74,0
DA:75,0
DA:76,0
DA:77,0
DA:78,0
DA:82,0
DA:83,0
BRDA:83,3,0,-
DA:84,0
DA:85,0
BRDA:85,4,0,-
DA:86,0
DA:90,0
DA:93,0
BRDA:93,5,0,-
BRDA:93,5,1,-
DA:94,0
BRDA:94,6,0,-
BRDA:94,6,1,-
DA:95,0
BRDA:95,7,0,-
BRDA:95,7,1,-
DA:96,0
BRDA:96,8,0,-
BRDA:96,8,1,-
DA:97,0
BRDA:97,9,0,-
BRDA:97,9,1,-
DA:98,0
BRDA:98,10,0,-
BRDA:98,10,1,-
DA:99,0
BRDA:99,11,0,-
BRDA:99,11,1,-
DA:100,0
BRDA:100,12,0,-
BRDA:100,12,1,-
DA:102,0
DA:103,0
DA:104,0
DA:106,0
DA:109,0
DA:112,0
DA:128,0
DA:131,0
DA:134,0
DA:136,0
DA:137,0
DA:138,0
DA:139,0
DA:141,0
DA:144,0
DA:145,0
DA:146,0
DA:147,0
DA:148,0
DA:149,0
DA:150,0
DA:151,0
DA:152,0
DA:153,0
DA:154,0
DA:155,0
DA:156,0
DA:157,0
DA:158,0
DA:159,0
DA:160,0
DA:161,0
DA:162,0
FNF:2
FNH:0
LF:66
LH:0
BRF:24
BRH:0
end_of_record
TN:
SF:script/DeployKpkSharesSepolia.s.sol
DA:42,0
FN:42,DeployKpkSharesSepolia.run
FNDA:0,DeployKpkSharesSepolia.run
DA:44,0
BRDA:44,0,0,-
BRDA:44,0,1,-
DA:47,0
BRDA:47,1,0,-
BRDA:47,1,1,-
DA:50,0
DA:53,0
DA:61,0
FN:61,DeployKpkSharesSepolia._deployVault
FNDA:0,DeployKpkSharesSepolia._deployVault
DA:62,0
DA:65,0
BRDA:65,2,0,-
BRDA:65,2,1,-
DA:68,0
DA:69,0
DA:70,0
DA:71,0
DA:72,0
DA:73,0
DA:74,0
DA:75,0
DA:76,0
DA:77,0
DA:78,0
DA:82,0
DA:83,0
BRDA:83,3,0,-
DA:84,0
DA:85,0
BRDA:85,4,0,-
DA:86,0
DA:90,0
DA:93,0
BRDA:93,5,0,-
BRDA:93,5,1,-
DA:94,0
BRDA:94,6,0,-
BRDA:94,6,1,-
DA:95,0
BRDA:95,7,0,-
BRDA:95,7,1,-
DA:96,0
BRDA:96,8,0,-
BRDA:96,8,1,-
DA:97,0
BRDA:97,9,0,-
BRDA:97,9,1,-
DA:98,0
BRDA:98,10,0,-
BRDA:98,10,1,-
DA:99,0
BRDA:99,11,0,-
BRDA:99,11,1,-
DA:100,0
BRDA:100,12,0,-
BRDA:100,12,1,-
DA:102,0
DA:103,0
DA:104,0
DA:106,0
DA:109,0
DA:112,0
DA:128,0
DA:131,0
DA:134,0
DA:136,0
DA:137,0
DA:138,0
DA:139,0
DA:141,0
DA:144,0
DA:145,0
DA:146,0
DA:147,0
DA:148,0
DA:149,0
DA:150,0
DA:151,0
DA:152,0
DA:153,0
DA:154,0
DA:155,0
DA:156,0
DA:157,0
DA:158,0
DA:159,0
DA:160,0
DA:161,0
DA:162,0
FNF:2
FNH:0
LF:66
LH:0
BRF:24
BRH:0
end_of_record
TN:
SF:src/FeeModules/WatermarkFee.sol
DA:33,53
FN:33,WatermarkFee.calculatePerformanceFee
FNDA:53,WatermarkFee.calculatePerformanceFee
DA:38,53
DA:41,53
BRDA:41,0,0,27
BRDA:41,0,1,26
DA:42,27
DA:45,26
BRDA:45,1,0,26
DA:46,26
DA:47,26
DA:52,26
DA:56,26
DA:59,26
DA:62,26
FNF:1
FNH:1
LF:11
LH:11
BRF:3
BRH:3
end_of_record
TN:
SF:src/kpkShares.sol
DA:129,585
FN:129,KpkShares.constructor
FNDA:585,KpkShares.constructor
DA:130,0
DA:167,544
FN:167,KpkShares.initialize
FNDA:544,KpkShares.initialize
DA:168,0
DA:169,0
DA:170,544
DA:171,0
DA:172,0
DA:173,544
DA:174,532
DA:175,544
DA:183,33
FN:183,KpkShares.isAdmin
FNDA:33,KpkShares.isAdmin
DA:184,33
BRDA:184,0,0,4
DA:189,127
FN:189,KpkShares.isOperator
FNDA:127,KpkShares.isOperator
DA:190,127
BRDA:190,1,0,6
DA:199,13
FN:199,KpkShares.previewSubscription
FNDA:13,KpkShares.previewSubscription
DA:205,13
BRDA:205,2,0,-
DA:206,0
DA:207,0
BRDA:207,3,0,-
DA:208,0
DA:210,0
DA:213,13
DA:217,296
FN:217,KpkShares.requestSubscription
FNDA:296,KpkShares.requestSubscription
DA:221,296
DA:224,290
DA:225,290
BRDA:225,4,0,4
DA:228,286
DA:231,286
DA:232,286
DA:233,286
DA:236,286
DA:237,286
DA:238,286
DA:241,286
DA:253,286
DA:265,0
DA:269,42
FN:269,KpkShares.cancelSubscription
FNDA:42,KpkShares.cancelSubscription
DA:270,42
DA:272,42
BRDA:272,5,0,6
DA:273,6
DA:275,36
BRDA:275,6,0,-
DA:276,0
DA:280,36
BRDA:280,7,0,6
DA:281,6
DA:284,30
DA:286,28
DA:287,28
DA:288,28
DA:291,28
DA:293,30
DA:295,30
DA:303,132
FN:303,KpkShares.previewRedemption
FNDA:132,KpkShares.previewRedemption
DA:309,132
BRDA:309,8,0,-
DA:310,0
DA:311,0
BRDA:311,9,0,-
DA:312,0
DA:314,0
DA:318,132
DA:319,132
BRDA:319,10,0,117
DA:320,117
DA:324,132
DA:328,132
DA:332,153
FN:332,KpkShares.requestRedemption
FNDA:153,KpkShares.requestRedemption
DA:336,153
DA:339,147
DA:340,147
BRDA:340,11,0,2
DA:343,145
DA:345,143
DA:348,143
DA:349,143
DA:350,143
DA:353,143
DA:365,143
DA:366,143
DA:368,143
DA:380,0
DA:384,27
FN:384,KpkShares.cancelRedemption
FNDA:27,KpkShares.cancelRedemption
DA:385,27
DA:387,27
BRDA:387,12,0,4
DA:388,4
DA:390,23
BRDA:390,13,0,-
DA:391,0
DA:394,23
BRDA:394,14,0,2
DA:395,2
DA:398,21
DA:401,19
DA:402,19
DA:405,21
DA:407,21
DA:415,264
FN:415,KpkShares.processRequests
FNDA:264,KpkShares.processRequests
DA:422,264
DA:424,264
DA:425,264
DA:426,264
DA:429,264
DA:433,121
FN:433,KpkShares.updateAsset
FNDA:121,KpkShares.updateAsset
DA:434,121
DA:442,44
FN:442,KpkShares.setSubscriptionRequestTtl
FNDA:44,KpkShares.setSubscriptionRequestTtl
DA:443,44
BRDA:443,15,0,4
DA:445,40
DA:449,29
FN:449,KpkShares.setRedemptionRequestTtl
FNDA:29,KpkShares.setRedemptionRequestTtl
DA:450,29
BRDA:450,16,0,4
DA:452,25
DA:456,9
FN:456,KpkShares.setFeeReceiver
FNDA:9,KpkShares.setFeeReceiver
DA:457,9
BRDA:457,17,0,2
DA:458,7
DA:462,37
FN:462,KpkShares.setManagementFeeRate
FNDA:37,KpkShares.setManagementFeeRate
DA:464,37
BRDA:464,18,0,4
DA:465,33
BRDA:465,19,0,28
DA:466,28
DA:471,29
FN:471,KpkShares.setRedemptionFeeRate
FNDA:29,KpkShares.setRedemptionFeeRate
DA:473,29
BRDA:473,20,0,4
DA:475,25
BRDA:475,21,0,22
DA:476,22
DA:481,22
FN:481,KpkShares.setPerformanceFeeRate
FNDA:22,KpkShares.setPerformanceFeeRate
DA:483,22
BRDA:483,22,0,4
DA:485,18
BRDA:485,23,0,17
DA:486,17
DA:491,8
FN:491,KpkShares.setPerformanceFeeModule
FNDA:8,KpkShares.setPerformanceFeeModule
DA:493,8
DA:501,19
FN:501,KpkShares.getApprovedAssets
FNDA:19,KpkShares.getApprovedAssets
DA:502,19
DA:503,19
DA:504,19
DA:505,37
DA:507,0
DA:511,122
FN:511,KpkShares.getApprovedAsset
FNDA:122,KpkShares.getApprovedAsset
DA:512,122
DA:516,17
FN:516,KpkShares.isApprovedAsset
FNDA:17,KpkShares.isApprovedAsset
DA:517,17
DA:518,17
DA:522,4
FN:522,KpkShares.assetDecimals
FNDA:4,KpkShares.assetDecimals
DA:523,4
DA:527,160
FN:527,KpkShares.getRequest
FNDA:160,KpkShares.getRequest
DA:528,160
DA:532,0
FN:532,KpkShares.getLastSettledPrice
FNDA:0,KpkShares.getLastSettledPrice
DA:533,0
DA:537,423
FN:537,KpkShares.assetsToShares
FNDA:423,KpkShares.assetsToShares
DA:542,423
BRDA:542,24,0,1
DA:544,422
DA:545,422
BRDA:545,25,0,2
DA:547,420
DA:551,420
DA:555,420
DA:559,401
FN:559,KpkShares.sharesToAssets
FNDA:401,KpkShares.sharesToAssets
DA:564,401
BRDA:564,26,0,1
DA:567,400
DA:568,400
BRDA:568,27,0,2
DA:570,398
DA:575,398
DA:576,398
DA:580,398
DA:588,49
FN:588,KpkShares._authorizeUpgrade
FNDA:49,KpkShares._authorizeUpgrade
DA:600,5
FN:600,KpkShares.supportsInterface
FNDA:5,KpkShares.supportsInterface
DA:606,5
DA:611,12
FN:611,KpkShares._assetRecoverableAmount
FNDA:12,KpkShares._assetRecoverableAmount
DA:613,12
BRDA:613,28,0,2
DA:614,2
DA:618,10
BRDA:618,29,0,-
DA:619,0
DA:624,10
DA:625,10
BRDA:625,30,0,-
DA:626,0
DA:629,10
DA:633,12
FN:633,KpkShares._assetRecoverer
FNDA:12,KpkShares._assetRecoverer
DA:634,12
DA:647,544
FN:647,KpkShares._validateInitializationParams
FNDA:544,KpkShares._validateInitializationParams
DA:649,544
DA:650,538
DA:651,534
DA:652,12
BRDA:652,31,0,12
DA:653,12
DA:657,532
BRDA:657,32,0,-
DA:658,532
BRDA:658,33,0,-
DA:659,532
BRDA:659,34,0,-
DA:666,532
FN:666,KpkShares._initializeState
FNDA:532,KpkShares._initializeState
DA:667,532
DA:668,532
DA:670,532
DA:671,532
DA:672,532
DA:673,532
DA:674,532
DA:677,532
DA:678,532
DA:681,532
DA:684,532
DA:689,532
FN:689,KpkShares._setupRoles
FNDA:532,KpkShares._setupRoles
DA:690,532
DA:701,449
FN:701,KpkShares._requireValidRequestParams
FNDA:449,KpkShares._requireValidRequestParams
DA:702,449
BRDA:702,35,0,12
DA:708,51
FN:708,KpkShares._requireCancellationAuthorization
FNDA:51,KpkShares._requireCancellationAuthorization
DA:709,51
BRDA:709,36,0,4
DA:710,4
DA:718,264
FN:718,KpkShares._processApproved
FNDA:264,KpkShares._processApproved
DA:719,264
DA:720,264
DA:721,334
DA:722,334
BRDA:722,37,0,-
DA:724,334
BRDA:724,38,0,-
DA:727,334
BRDA:727,39,0,1
DA:729,1
BRDA:729,40,0,-
BRDA:729,40,1,1
DA:730,0
DA:731,0
DA:733,1
DA:734,1
DA:736,1
DA:739,333
BRDA:739,41,0,228
BRDA:739,41,1,105
DA:740,228
DA:742,105
DA:750,264
FN:750,KpkShares._processRejected
FNDA:264,KpkShares._processRejected
DA:751,264
DA:752,264
DA:753,8
DA:754,8
BRDA:754,42,0,-
DA:755,8
BRDA:755,43,0,-
DA:757,8
BRDA:757,44,0,5
BRDA:757,44,1,3
DA:758,5
DA:760,3
DA:773,228
FN:773,KpkShares._approveSubscriptionRequest
FNDA:228,KpkShares._approveSubscriptionRequest
DA:775,228
DA:777,228
BRDA:777,45,0,-
DA:782,228
DA:784,228
DA:785,228
DA:787,228
DA:791,228
DA:794,228
DA:800,5
FN:800,KpkShares._rejectSubscriptionRequest
FNDA:5,KpkShares._rejectSubscriptionRequest
DA:804,5
DA:806,5
DA:807,5
DA:810,5
DA:812,5
DA:819,411
FN:819,KpkShares._checkValidRequest
FNDA:411,KpkShares._checkValidRequest
DA:820,411
BRDA:820,46,0,10
DA:821,10
DA:824,401
DA:831,10
FN:831,KpkShares._hasPendingRequests
FNDA:10,KpkShares._hasPendingRequests
DA:832,10
DA:843,105
FN:843,KpkShares._approveRedeemRequest
FNDA:105,KpkShares._approveRedeemRequest
DA:845,105
DA:846,105
BRDA:846,47,0,79
DA:847,79
DA:852,105
DA:856,105
DA:857,105
BRDA:857,48,0,-
DA:861,105
DA:862,105
DA:864,105
DA:868,105
DA:869,105
DA:875,4
FN:875,KpkShares._rejectRedeemRequest
FNDA:4,KpkShares._rejectRedeemRequest
DA:879,4
DA:880,4
DA:883,4
DA:885,4
DA:897,264
FN:897,KpkShares._validatePriceDeviation
FNDA:264,KpkShares._validatePriceDeviation
DA:898,264
DA:901,264
BRDA:901,49,0,163
DA:902,163
DA:906,101
DA:907,101
BRDA:907,50,0,-
BRDA:907,50,1,101
DA:909,0
DA:912,101
DA:917,101
DA:920,101
BRDA:920,51,0,-
DA:921,0
DA:928,264
FN:928,KpkShares._chargeFees
FNDA:264,KpkShares._chargeFees
DA:930,264
DA:931,264
DA:934,264
BRDA:934,52,0,224
DA:935,224
DA:936,224
BRDA:936,53,0,30
DA:938,30
DA:939,30
DA:944,264
BRDA:944,54,0,232
DA:945,232
DA:946,232
BRDA:946,55,0,36
DA:947,36
DA:948,36
DA:953,264
BRDA:953,56,0,39
DA:954,39
DA:961,79
FN:961,KpkShares._chargeRedemptionFee
FNDA:79,KpkShares._chargeRedemptionFee
DA:963,79
DA:966,79
BRDA:966,57,0,79
DA:967,79
DA:970,0
DA:976,58
FN:976,KpkShares._chargeManagementFee
FNDA:58,KpkShares._chargeManagementFee
DA:977,58
DA:978,58
DA:980,58
BRDA:980,58,0,28
DA:981,28
DA:983,0
DA:990,53
FN:990,KpkShares._chargePerformanceFee
FNDA:53,KpkShares._chargePerformanceFee
DA:991,53
BRDA:991,59,0,-
DA:992,0
DA:994,53
DA:995,53
DA:996,53
DA:998,53
BRDA:998,60,0,25
DA:999,25
DA:1001,0
DA:1010,653
FN:1010,KpkShares._updateAsset
FNDA:653,KpkShares._updateAsset
DA:1011,653
BRDA:1011,61,0,4
DA:1012,649
BRDA:1012,62,0,-
DA:1015,649
BRDA:1015,63,0,46
BRDA:1015,63,1,-
DA:1017,46
BRDA:1017,64,0,16
BRDA:1017,64,1,4
DA:1020,16
BRDA:1020,65,0,-
DA:1021,0
DA:1024,16
BRDA:1024,66,0,-
DA:1025,0
DA:1028,16
BRDA:1028,67,0,4
DA:1029,4
DA:1032,12
DA:1034,12
DA:1037,30
DA:1038,30
DA:1039,30
DA:1040,30
DA:1043,603
BRDA:1043,68,0,4
BRDA:1043,68,1,-
DA:1045,4
DA:1048,599
DA:1049,599
DA:1050,599
DA:1051,599
BRDA:1051,69,0,-
DA:1052,599
DA:1053,599
DA:1054,599
DA:1055,599
DA:1057,599
DA:1058,599
DA:1059,599
DA:1066,12
FN:1066,KpkShares._shadowAsset
FNDA:12,KpkShares._shadowAsset
DA:1067,12
DA:1068,12
DA:1069,22
BRDA:1069,70,0,12
DA:1070,12
DA:1071,12
DA:1072,0
DA:1083,572
FN:1083,KpkShares._setSubscriptionRequestTtl
FNDA:572,KpkShares._setSubscriptionRequestTtl
DA:1084,572
DA:1085,572
BRDA:1085,71,0,572
DA:1086,572
DA:1087,572
DA:1093,557
FN:1093,KpkShares._setRedemptionRequestTtl
FNDA:557,KpkShares._setRedemptionRequestTtl
DA:1094,557
DA:1095,557
BRDA:1095,72,0,557
DA:1096,557
DA:1097,557
DA:1103,539
FN:1103,KpkShares._setFeeReceiver
FNDA:539,KpkShares._setFeeReceiver
DA:1104,539
DA:1105,539
DA:1110,560
FN:1110,KpkShares._setManagementFeeRate
FNDA:560,KpkShares._setManagementFeeRate
DA:1112,560
BRDA:1112,73,0,28
DA:1113,28
DA:1115,560
DA:1116,560
DA:1117,560
DA:1122,554
FN:1122,KpkShares._setRedemptionFeeRate
FNDA:554,KpkShares._setRedemptionFeeRate
DA:1123,554
DA:1124,554
DA:1129,549
FN:1129,KpkShares._setPerformanceFeeRate
FNDA:549,KpkShares._setPerformanceFeeRate
DA:1130,549
BRDA:1130,74,0,17
DA:1131,17
DA:1135,549
DA:1136,549
DA:1137,549
DA:1142,540
FN:1142,KpkShares._setPerformanceFeeModule
FNDA:540,KpkShares._setPerformanceFeeModule
DA:1143,540
DA:1144,540
FNF:58
FNH:57
LF:371
LH:338
BRF:82
BRH:55
end_of_record
TN:
SF:src/utils/RecoverFunds.sol
DA:12,10
FN:12,RecoverFunds.recoverAssets
FNDA:10,RecoverFunds.recoverAssets
DA:13,10
DA:14,10
DA:15,12
DA:27,10
FN:27,RecoverFunds._assetRecoverableAmount
FNDA:10,RecoverFunds._assetRecoverableAmount
DA:28,10
FNF:2
FNH:2
LF:6
LH:6
BRF:0
BRH:0
end_of_record
TN:
SF:test/kpkShares.TestBase.sol
DA:32,482
FN:32,MockPriceOracle.constructor
FNDA:482,MockPriceOracle.constructor
DA:33,482
DA:34,482
DA:37,0
FN:37,MockPriceOracle.decimals
FNDA:0,MockPriceOracle.decimals
DA:38,0
DA:41,0
FN:41,MockPriceOracle.description
FNDA:0,MockPriceOracle.description
DA:42,0
DA:45,0
FN:45,MockPriceOracle.version
FNDA:0,MockPriceOracle.version
DA:46,0
DA:49,0
FN:49,MockPriceOracle.getRoundData
FNDA:0,MockPriceOracle.getRoundData
DA:56,0
DA:59,0
FN:59,MockPriceOracle.latestRoundData
FNDA:0,MockPriceOracle.latestRoundData
DA:64,0
DA:96,482
FN:96,kpkSharesTestBase.setUp
FNDA:482,kpkSharesTestBase.setUp
DA:97,482
DA:100,482
DA:102,482
DA:103,482
DA:104,482
DA:105,482
DA:106,482
DA:109,482
DA:112,482
DA:113,482
DA:133,482
DA:136,482
DA:137,482
DA:140,482
DA:141,482
DA:144,482
DA:145,482
DA:146,482
DA:147,482
DA:148,482
DA:149,482
DA:150,482
DA:151,482
DA:152,482
DA:155,482
DA:156,482
DA:164,2659
FN:164,kpkSharesTestBase._usdcAmount
FNDA:2659,kpkSharesTestBase._usdcAmount
DA:165,2659
DA:169,191
FN:169,kpkSharesTestBase._sharesAmount
FNDA:191,kpkSharesTestBase._sharesAmount
DA:170,191
DA:174,36
FN:174,kpkSharesTestBase._deployKpkSharesWithFees
FNDA:36,kpkSharesTestBase._deployKpkSharesWithFees
DA:178,36
DA:179,36
DA:199,36
DA:202,36
DA:203,36
DA:206,36
DA:207,36
DA:210,36
DA:211,36
DA:212,36
DA:213,36
DA:214,36
DA:215,36
DA:217,0
DA:221,161
FN:221,kpkSharesTestBase._testRequestProcessing
FNDA:161,kpkSharesTestBase._testRequestProcessing
DA:228,112
BRDA:228,0,0,112
BRDA:228,0,1,-
DA:230,112
DA:231,112
DA:232,112
DA:233,112
DA:236,49
DA:238,49
DA:239,49
DA:240,49
DA:241,49
DA:244,6
BRDA:244,1,0,6
DA:245,6
DA:246,4
BRDA:246,2,0,4
BRDA:246,2,1,-
DA:247,4
DA:248,4
DA:249,4
DA:250,4
DA:252,2
DA:253,2
DA:254,2
DA:255,2
DA:259,155
DA:263,1
FN:263,kpkSharesTestBase._testFeeCharging
FNDA:1,kpkSharesTestBase._testFeeCharging
DA:271,1
DA:274,1
DA:277,1
DA:281,1
DA:282,1
DA:283,1
DA:284,1
DA:285,1
DA:288,1
DA:289,1
DA:290,1
DA:291,1
DA:292,1
DA:294,0
DA:298,1
FN:298,kpkSharesTestBase._testEdgeCaseAmounts
FNDA:1,kpkSharesTestBase._testEdgeCaseAmounts
DA:302,1
DA:304,1
DA:305,3
BRDA:305,3,0,3
BRDA:305,3,1,-
DA:307,3
DA:308,3
DA:309,3
DA:310,3
DA:312,0
DA:314,0
DA:315,0
DA:316,0
DA:317,0
DA:321,0
DA:325,84
FN:325,kpkSharesTestBase._createSharesForTesting
FNDA:84,kpkSharesTestBase._createSharesForTesting
DA:329,0
DA:330,84
DA:331,84
DA:333,84
BRDA:333,4,0,5
DA:335,5
DA:336,5
DA:337,5
DA:341,79
DA:345,79
DA:348,79
DA:349,79
DA:353,79
DA:354,79
DA:355,79
DA:357,79
DA:358,79
DA:359,79
DA:360,79
DA:361,79
DA:364,79
DA:365,79
BRDA:365,5,0,-
DA:367,0
DA:371,79
DA:372,79
DA:374,0
DA:378,33
FN:378,kpkSharesTestBase._createSharesForTestingWithContract
FNDA:33,kpkSharesTestBase._createSharesForTestingWithContract
DA:383,33
DA:386,33
DA:389,33
DA:390,33
DA:393,33
DA:394,33
DA:395,33
DA:397,33
DA:398,33
DA:399,33
DA:400,33
DA:401,33
DA:404,33
DA:405,33
DA:407,0
DA:423,112
FN:423,kpkSharesTestBase._calculateAssetsForSubscriptionWithFeeDilution
FNDA:112,kpkSharesTestBase._calculateAssetsForSubscriptionWithFeeDilution
DA:430,112
DA:433,112
DA:434,112
DA:435,112
DA:439,112
BRDA:439,6,0,92
DA:441,92
DA:444,20
DA:445,20
DA:446,20
DA:454,20
DA:455,20
BRDA:455,7,0,6
DA:457,6
DA:460,20
DA:461,20
BRDA:461,8,0,6
DA:464,6
DA:467,20
DA:468,20
BRDA:468,9,0,6
DA:474,6
DA:477,20
DA:480,20
BRDA:480,10,0,14
DA:482,14
DA:490,6
DA:491,6
DA:494,6
DA:504,0
FN:504,kpkSharesTestBase._calculateAdjustedExpectedShares
FNDA:0,kpkSharesTestBase._calculateAdjustedExpectedShares
DA:512,0
DA:515,0
BRDA:515,11,0,-
DA:516,0
DA:519,0
DA:520,0
DA:521,0
DA:523,0
BRDA:523,12,0,-
DA:524,0
DA:527,0
DA:528,0
DA:531,0
DA:532,0
BRDA:532,13,0,-
DA:533,0
DA:537,0
DA:538,0
BRDA:538,14,0,-
DA:539,0
DA:542,0
DA:544,0
BRDA:544,15,0,-
DA:545,0
DA:552,0
DA:555,0
DA:565,28
FN:565,kpkSharesTestBase._calculateAdjustedExpectedAssets
FNDA:28,kpkSharesTestBase._calculateAdjustedExpectedAssets
DA:573,28
DA:576,28
BRDA:576,16,0,3
DA:577,3
DA:580,25
DA:581,25
DA:582,25
DA:584,25
BRDA:584,17,0,-
DA:585,0
DA:588,25
DA:589,25
DA:592,25
DA:593,25
BRDA:593,18,0,19
DA:594,19
DA:597,25
DA:598,25
BRDA:598,19,0,25
DA:599,25
DA:602,25
DA:604,25
BRDA:604,20,0,-
DA:605,0
DA:612,25
DA:619,25
DA:631,0
FN:631,kpkSharesTestBase._calculateAdjustedPrice
FNDA:0,kpkSharesTestBase._calculateAdjustedPrice
DA:638,0
BRDA:638,21,0,-
DA:639,0
DA:642,0
DA:643,0
DA:644,0
DA:646,0
BRDA:646,22,0,-
DA:647,0
DA:650,0
DA:651,0
DA:654,0
DA:655,0
BRDA:655,23,0,-
DA:656,0
DA:661,0
DA:662,0
BRDA:662,24,0,-
DA:665,0
DA:668,0
DA:670,0
BRDA:670,25,0,-
DA:671,0
DA:678,0
DA:681,0
FNF:19
FNH:12
LF:243
LH:176
BRF:29
BRH:13
end_of_record
TN:
SF:test/mocks/tokens.sol
DA:9,579
FN:9,Mock_ERC20.constructor
FNDA:579,Mock_ERC20.constructor
DA:10,579
DA:13,2609
FN:13,Mock_ERC20.mint
FNDA:2609,Mock_ERC20.mint
DA:14,2609
DA:17,0
FN:17,Mock_ERC20.burn
FNDA:0,Mock_ERC20.burn
DA:18,0
DA:21,599
FN:21,Mock_ERC20.decimals
FNDA:599,Mock_ERC20.decimals
DA:22,599
FNF:4
FNH:3
LF:8
LH:6
BRF:0
BRH:0
end_of_record
